<?xml version="1.0" encoding="UTF-8"?>
<!-- Generated by org.testng.reporters.JUnitXMLReporter -->
<testsuite hostname="LAPTOP-09M7L6ER" ignored="18" name="Default test" tests="1" failures="0" timestamp="09 Mar 2021 12:30:15 GMT" time="7.779" errors="0">
  <testcase name="dashboardpage" time="0.226" classname="com.Test.DownloadTest"/>
  <testcase name="verifyTableHeader1" time="0.0" classname="com.Test.DownloadTest">
    <ignored/>
  </testcase> <!-- verifyTableHeader1 -->
  <testcase name="vendorNameWithSelenium1" time="0.0" classname="com.Test.DownloadTest">
    <ignored/>
  </testcase> <!-- vendorNameWithSelenium1 -->
  <testcase name="SeleniumServerStandalonJar1" time="0.0" classname="com.Test.DownloadTest">
    <ignored/>
  </testcase> <!-- SeleniumServerStandalonJar1 -->
  <testcase name="GoogleChrome1" time="0.0" classname="com.Test.DownloadTest">
    <ignored/>
  </testcase> <!-- GoogleChrome1 -->
  <testcase name="checkInsertion1" time="0.0" classname="com.Test.DownloadTest">
    <ignored/>
  </testcase> <!-- checkInsertion1 -->
  <testcase name="MozillaFirefox1" time="0.0" classname="com.Test.DownloadTest">
    <ignored/>
  </testcase> <!-- MozillaFirefox1 -->
  <testcase name="tableVisibility1" time="0.0" classname="com.Test.DownloadTest">
    <ignored/>
  </testcase> <!-- tableVisibility1 -->
  <testcase name="JDK1" time="0.0" classname="com.Test.DownloadTest">
    <ignored/>
  </testcase> <!-- JDK1 -->
  <testcase name="Logout1" time="0.0" classname="com.Test.DownloadTest">
    <ignored/>
  </testcase> <!-- Logout1 -->
  <testcase name="countHeaderAndRows1" time="0.0" classname="com.Test.DownloadTest">
    <ignored/>
  </testcase> <!-- countHeaderAndRows1 -->
  <testcase name="WindowHandler1" time="0.0" classname="com.Test.DownloadTest">
    <ignored/>
  </testcase> <!-- WindowHandler1 -->
  <testcase name="vendorVersion1" time="0.0" classname="com.Test.DownloadTest">
    <ignored/>
  </testcase> <!-- vendorVersion1 -->
  <testcase name="GoogleChromeDriver1" time="0.0" classname="com.Test.DownloadTest">
    <ignored/>
  </testcase> <!-- GoogleChromeDriver1 -->
  <testcase name="sortingOfVendorName1" time="0.0" classname="com.Test.DownloadTest">
    <ignored/>
  </testcase> <!-- sortingOfVendorName1 -->
  <testcase name="VendorWithGoogle1" time="0.0" classname="com.Test.DownloadTest">
    <ignored/>
  </testcase> <!-- VendorWithGoogle1 -->
  <testcase name="GeckoDriverforLatestfirefox1" time="0.0" classname="com.Test.DownloadTest">
    <ignored/>
  </testcase> <!-- GeckoDriverforLatestfirefox1 -->
  <testcase name="verifyTitle1" time="0.0" classname="com.Test.DownloadTest">
    <ignored/>
  </testcase> <!-- verifyTitle1 -->
  <testcase name="SeleniumServerSourceJar1" time="0.0" classname="com.Test.DownloadTest">
    <ignored/>
  </testcase> <!-- SeleniumServerSourceJar1 -->
</testsuite> <!-- Default test -->
