<?xml version="1.0" encoding="UTF-8"?>
<testng-results skipped="0" failed="0" ignored="18" total="19" passed="1">
  <reporter-output>
  </reporter-output>
  <suite name="Default suite" duration-ms="7779" started-at="2021-03-09T12:30:07Z" finished-at="2021-03-09T12:30:15Z">
    <groups>
    </groups>
    <test name="Default test" duration-ms="7779" started-at="2021-03-09T12:30:07Z" finished-at="2021-03-09T12:30:15Z">
      <class name="com.Test.DownloadTest">
        <test-method status="PASS" signature="setup()[pri:0, instance:com.Test.DownloadTest@84f40f]" name="setup" is-config="true" duration-ms="7464" started-at="2021-03-09T12:30:07Z" finished-at="2021-03-09T12:30:15Z">
          <reporter-output>
          </reporter-output>
        </test-method> <!-- setup -->
        <test-method status="PASS" signature="dashboardpage()[pri:0, instance:com.Test.DownloadTest@84f40f]" name="dashboardpage" duration-ms="226" started-at="2021-03-09T12:30:15Z" finished-at="2021-03-09T12:30:15Z">
          <reporter-output>
          </reporter-output>
        </test-method> <!-- dashboardpage -->
      </class> <!-- com.Test.DownloadTest -->
    </test> <!-- Default test -->
  </suite> <!-- Default suite -->
</testng-results>
